# Server version 0.08 running on brian-MBP:8123
# Game ID: 21
# Board class: hus.HusBoard
# Timeout: 2000
# First Move Timeout: 30000
# Date: Mon Apr 04 21:49:51 EDT 2016
# Player 1: Player-0, '260381251', running on localhost
# Player 2: Player-1, 'RandomHusPlayer', running on localhost
START Player-0 260381251
START Player-1 RandomHusPlayer
PIT 0 0
PIT 1 18
PIT 0 1
PIT 1 4
PIT 0 3
PIT 1 13
PIT 0 5
PIT 1 7
PIT 0 6
PIT 1 26
PIT 0 7
PIT 1 11
PIT 0 8
PIT 1 2
PIT 0 10
PIT 1 0
PIT 0 11
PIT 1 21
PIT 0 14
PIT 1 17
PIT 0 15
PIT 1 12
PIT 0 17
PIT 1 20
PIT 0 18
PIT 1 29
PIT 0 2
PIT 1 21
PIT 0 3
PIT 1 9
PIT 0 6
PIT 1 30
PIT 0 7
PIT 1 12
PIT 0 8
PIT 1 23
PIT 0 9
PIT 1 1
PIT 0 10
PIT 1 5
PIT 0 11
PIT 1 2
PIT 0 12
PIT 1 20
PIT 0 15
PIT 1 8
PIT 0 16
PIT 1 17
PIT 0 17
PIT 1 21
PIT 0 18
PIT 1 6
GAMEOVER WINNER 1
# Game ended: Mon Apr 04 21:49:53 EDT 2016
